Request method:	GET
Request URI:	https://petstore.swagger.io/v2/store/inventory
Proxy:			<none>
Request params:	<none>
Query params:	<none>
Form params:	<none>
Path params:	<none>
Headers:		Accept=*/*
Cookies:		<none>
Multiparts:		<none>
Body:			<none>
HTTP/1.1 200 OK
Date: Fri, 20 Dec 2024 13:22:07 GMT
Content-Type: application/json
Transfer-Encoding: chunked
Connection: keep-alive
Access-Control-Allow-Origin: *
Access-Control-Allow-Methods: GET, POST, DELETE, PUT
Access-Control-Allow-Headers: Content-Type, api_key, Authorization
Server: Jetty(9.2.9.v20150224)

{
    "AVAILABLE": 6,
    "sold": 64,
    "{{PetStatus-Updated}}": 6,
    "Inkooporder": 1,
    "sussefull": 1,
    "SOLD": 5,
    "string": 414,
    "proposed": 1,
    "pending": 42,
    "available": 247,
    "PENDING": 4
}
